# JRE version: OpenJDK Runtime Environment (11.0.11+9) (build 11.0.11+9-b60-7590822)
# Java VM: OpenJDK 64-Bit Server VM (11.0.11+9-b60-7590822, mixed mode, tiered, compressed oops, g1 gc, windows-amd64)
Heap:
 garbage-first heap   total 454656K, used 225123K [0x0000000080000000, 0x0000000100000000)
  region size 1024K, 5 young (5120K), 5 survivors (5120K)
 Metaspace       used 127875K, capacity 131797K, committed 131996K, reserved 1163264K
  class space    used 16230K, capacity 17728K, committed 17740K, reserved 1048576K
GC Heap History (20 events):
Event: 339.462 GC heap after
{Heap after GC invocations=47 (full 0):
 garbage-first heap   total 212992K, used 132604K [0x0000000080000000, 0x0000000100000000)
  region size 1024K, 2 young (2048K), 2 survivors (2048K)
 Metaspace       used 116904K, capacity 119954K, committed 121628K, reserved 1155072K
  class space    used 14597K, capacity 15752K, committed 16332K, reserved 1048576K
}
Event: 339.925 GC heap before
{Heap before GC invocations=48 (full 0):
 garbage-first heap   total 212992K, used 172540K [0x0000000080000000, 0x0000000100000000)
  region size 1024K, 42 young (43008K), 2 survivors (2048K)
 Metaspace       used 117865K, capacity 120982K, committed 122524K, reserved 1155072K
  class space    used 14686K, capacity 15896K, committed 16460K, reserved 1048576K
}
Event: 339.932 GC heap after
{Heap after GC invocations=49 (full 0):
 garbage-first heap   total 212992K, used 136117K [0x0000000080000000, 0x0000000100000000)
  region size 1024K, 5 young (5120K), 5 survivors (5120K)
 Metaspace       used 117865K, capacity 120982K, committed 122524K, reserved 1155072K
  class space    used 14686K, capacity 15896K, committed 16460K, reserved 1048576K
}
Event: 339.987 GC heap before
{Heap before GC invocations=49 (full 0):
 garbage-first heap   total 212992K, used 140213K [0x0000000080000000, 0x0000000100000000)
  region size 1024K, 10 young (10240K), 5 survivors (5120K)
 Metaspace       used 118161K, capacity 121291K, committed 122780K, reserved 1155072K
  class space    used 14729K, capacity 15936K, committed 16460K, reserved 1048576K
}
Event: 339.998 GC heap after
{Heap after GC invocations=50 (full 0):
 garbage-first heap   total 256000K, used 129126K [0x0000000080000000, 0x0000000100000000)
  region size 1024K, 1 young (1024K), 1 survivors (1024K)
 Metaspace       used 118161K, capacity 121291K, committed 122780K, reserved 1155072K
  class space    used 14729K, capacity 15936K, committed 16460K, reserved 1048576K
}
Event: 340.764 GC heap before
{Heap before GC invocations=50 (full 0):
 garbage-first heap   total 256000K, used 202854K [0x0000000080000000, 0x0000000100000000)
  region size 1024K, 65 young (66560K), 1 survivors (1024K)
 Metaspace       used 120025K, capacity 123339K, committed 124572K, reserved 1157120K
  class space    used 14997K, capacity 16220K, committed 16716K, reserved 1048576K
}
Event: 340.777 GC heap after
{Heap after GC invocations=51 (full 0):
 garbage-first heap   total 256000K, used 143391K [0x0000000080000000, 0x0000000100000000)
  region size 1024K, 8 young (8192K), 8 survivors (8192K)
 Metaspace       used 120025K, capacity 123339K, committed 124572K, reserved 1157120K
  class space    used 14997K, capacity 16220K, committed 16716K, reserved 1048576K
}
Event: 341.418 GC heap before
{Heap before GC invocations=51 (full 0):
 garbage-first heap   total 256000K, used 206879K [0x0000000080000000, 0x0000000100000000)
  region size 1024K, 65 young (66560K), 8 survivors (8192K)
 Metaspace       used 121157K, capacity 124433K, committed 125724K, reserved 1159168K
  class space    used 15132K, capacity 16346K, committed 16844K, reserved 1048576K
}
Event: 341.447 GC heap after
{Heap after GC invocations=52 (full 0):
 garbage-first heap   total 256000K, used 162247K [0x0000000080000000, 0x0000000100000000)
  region size 1024K, 9 young (9216K), 9 survivors (9216K)
 Metaspace       used 121157K, capacity 124433K, committed 125724K, reserved 1159168K
  class space    used 15132K, capacity 16346K, committed 16844K, reserved 1048576K
}
Event: 341.873 GC heap before
{Heap before GC invocations=52 (full 0):
 garbage-first heap   total 256000K, used 204231K [0x0000000080000000, 0x0000000100000000)
  region size 1024K, 51 young (52224K), 9 survivors (9216K)
 Metaspace       used 123775K, capacity 127134K, committed 127900K, reserved 1161216K
  class space    used 15684K, capacity 16961K, committed 17228K, reserved 1048576K
}
Event: 341.898 GC heap after
{Heap after GC invocations=53 (full 0):
 garbage-first heap   total 256000K, used 170619K [0x0000000080000000, 0x0000000100000000)
  region size 1024K, 7 young (7168K), 7 survivors (7168K)
 Metaspace       used 123775K, capacity 127134K, committed 127900K, reserved 1161216K
  class space    used 15684K, capacity 16961K, committed 17228K, reserved 1048576K
}
Event: 342.223 GC heap before
{Heap before GC invocations=53 (full 0):
 garbage-first heap   total 256000K, used 210555K [0x0000000080000000, 0x0000000100000000)
  region size 1024K, 45 young (46080K), 7 survivors (7168K)
 Metaspace       used 123876K, capacity 127332K, committed 127900K, reserved 1161216K
  class space    used 15695K, capacity 16978K, committed 17228K, reserved 1048576K
}
Event: 342.262 GC heap after
{Heap after GC invocations=54 (full 0):
 garbage-first heap   total 353280K, used 189745K [0x0000000080000000, 0x0000000100000000)
  region size 1024K, 6 young (6144K), 6 survivors (6144K)
 Metaspace       used 123876K, capacity 127332K, committed 127900K, reserved 1161216K
  class space    used 15695K, capacity 16978K, committed 17228K, reserved 1048576K
}
Event: 343.653 GC heap before
{Heap before GC invocations=54 (full 0):
 garbage-first heap   total 353280K, used 249137K [0x0000000080000000, 0x0000000100000000)
  region size 1024K, 65 young (66560K), 6 survivors (6144K)
 Metaspace       used 126698K, capacity 130442K, committed 130588K, reserved 1163264K
  class space    used 16119K, capacity 17550K, committed 17612K, reserved 1048576K
}
Event: 343.675 GC heap after
{Heap after GC invocations=55 (full 0):
 garbage-first heap   total 353280K, used 199962K [0x0000000080000000, 0x0000000100000000)
  region size 1024K, 9 young (9216K), 9 survivors (9216K)
 Metaspace       used 126698K, capacity 130442K, committed 130588K, reserved 1163264K
  class space    used 16119K, capacity 17550K, committed 17612K, reserved 1048576K
}
Event: 345.117 GC heap before
{Heap before GC invocations=55 (full 0):
 garbage-first heap   total 353280K, used 263450K [0x0000000080000000, 0x0000000100000000)
  region size 1024K, 68 young (69632K), 9 survivors (9216K)
 Metaspace       used 127121K, capacity 130977K, committed 131228K, reserved 1163264K
  class space    used 16163K, capacity 17618K, committed 17740K, reserved 1048576K
}
Event: 345.150 GC heap after
{Heap after GC invocations=56 (full 0):
 garbage-first heap   total 353280K, used 211176K [0x0000000080000000, 0x0000000100000000)
  region size 1024K, 8 young (8192K), 8 survivors (8192K)
 Metaspace       used 127121K, capacity 130977K, committed 131228K, reserved 1163264K
  class space    used 16163K, capacity 17618K, committed 17740K, reserved 1048576K
}
Event: 345.952 GC heap before
{Heap before GC invocations=56 (full 0):
 garbage-first heap   total 353280K, used 278760K [0x0000000080000000, 0x0000000100000000)
  region size 1024K, 66 young (67584K), 8 survivors (8192K)
 Metaspace       used 127385K, capacity 131242K, committed 131484K, reserved 1163264K
  class space    used 16184K, capacity 17661K, committed 17740K, reserved 1048576K
}
Event: 345.973 GC heap after
{Heap after GC invocations=57 (full 0):
 garbage-first heap   total 353280K, used 226584K [0x0000000080000000, 0x0000000100000000)
  region size 1024K, 8 young (8192K), 8 survivors (8192K)
 Metaspace       used 127385K, capacity 131242K, committed 131484K, reserved 1163264K
  class space    used 16184K, capacity 17661K, committed 17740K, reserved 1048576K
}
Event: 347.090 GC heap before
{Heap before GC invocations=57 (full 0):
 garbage-first heap   total 353280K, used 279832K [0x0000000080000000, 0x0000000100000000)
  region size 1024K, 61 young (62464K), 8 survivors (8192K)
 Metaspace       used 127875K, capacity 131797K, committed 131996K, reserved 1163264K
  class space    used 16230K, capacity 17728K, committed 17740K, reserved 1048576K
}

