# JRE version: OpenJDK Runtime Environment (11.0.11+9) (build 11.0.11+9-b60-7590822)
# Java VM: OpenJDK 64-Bit Server VM (11.0.11+9-b60-7590822, mixed mode, tiered, compressed oops, g1 gc, windows-amd64)
Heap:
 garbage-first heap   total 212992K, used 151538K [0x0000000080000000, 0x0000000100000000)
  region size 1024K, 34 young (34816K), 2 survivors (2048K)
 Metaspace       used 116281K, capacity 119317K, committed 119460K, reserved 1153024K
  class space    used 15047K, capacity 16182K, committed 16256K, reserved 1048576K
GC Heap History (20 events):
Event: 18.716 GC heap before
{Heap before GC invocations=26 (full 0):
 garbage-first heap   total 177152K, used 127221K [0x0000000080000000, 0x0000000100000000)
  region size 1024K, 36 young (36864K), 2 survivors (2048K)
 Metaspace       used 86655K, capacity 88761K, committed 89508K, reserved 1126400K
  class space    used 11077K, capacity 11879K, committed 12160K, reserved 1048576K
}
Event: 18.729 GC heap after
{Heap after GC invocations=27 (full 0):
 garbage-first heap   total 177152K, used 96087K [0x0000000080000000, 0x0000000100000000)
  region size 1024K, 5 young (5120K), 5 survivors (5120K)
 Metaspace       used 86655K, capacity 88761K, committed 89508K, reserved 1126400K
  class space    used 11077K, capacity 11879K, committed 12160K, reserved 1048576K
}
Event: 19.058 GC heap before
{Heap before GC invocations=28 (full 0):
 garbage-first heap   total 177152K, used 129397K [0x0000000080000000, 0x0000000100000000)
  region size 1024K, 39 young (39936K), 5 survivors (5120K)
 Metaspace       used 86810K, capacity 88914K, committed 89508K, reserved 1126400K
  class space    used 11083K, capacity 11883K, committed 12160K, reserved 1048576K
}
Event: 19.067 GC heap after
{Heap after GC invocations=29 (full 0):
 garbage-first heap   total 177152K, used 99064K [0x0000000080000000, 0x0000000100000000)
  region size 1024K, 4 young (4096K), 4 survivors (4096K)
 Metaspace       used 86810K, capacity 88914K, committed 89508K, reserved 1126400K
  class space    used 11083K, capacity 11883K, committed 12160K, reserved 1048576K
}
Event: 19.088 GC heap before
{Heap before GC invocations=29 (full 0):
 garbage-first heap   total 177152K, used 102136K [0x0000000080000000, 0x0000000100000000)
  region size 1024K, 8 young (8192K), 4 survivors (4096K)
 Metaspace       used 86814K, capacity 88914K, committed 89508K, reserved 1126400K
  class space    used 11083K, capacity 11883K, committed 12160K, reserved 1048576K
}
Event: 19.094 GC heap after
{Heap after GC invocations=30 (full 0):
 garbage-first heap   total 177152K, used 88986K [0x0000000080000000, 0x0000000100000000)
  region size 1024K, 1 young (1024K), 1 survivors (1024K)
 Metaspace       used 86814K, capacity 88914K, committed 89508K, reserved 1126400K
  class space    used 11083K, capacity 11883K, committed 12160K, reserved 1048576K
}
Event: 19.646 GC heap before
{Heap before GC invocations=30 (full 0):
 garbage-first heap   total 177152K, used 127898K [0x0000000080000000, 0x0000000100000000)
  region size 1024K, 40 young (40960K), 1 survivors (1024K)
 Metaspace       used 89671K, capacity 91747K, committed 92324K, reserved 1130496K
  class space    used 11315K, capacity 12116K, committed 12416K, reserved 1048576K
}
Event: 19.653 GC heap after
{Heap after GC invocations=31 (full 0):
 garbage-first heap   total 177152K, used 90845K [0x0000000080000000, 0x0000000100000000)
  region size 1024K, 3 young (3072K), 3 survivors (3072K)
 Metaspace       used 89671K, capacity 91747K, committed 92324K, reserved 1130496K
  class space    used 11315K, capacity 12116K, committed 12416K, reserved 1048576K
}
Event: 20.214 GC heap before
{Heap before GC invocations=32 (full 0):
 garbage-first heap   total 177152K, used 128733K [0x0000000080000000, 0x0000000100000000)
  region size 1024K, 43 young (44032K), 3 survivors (3072K)
 Metaspace       used 91579K, capacity 93704K, committed 94244K, reserved 1130496K
  class space    used 11554K, capacity 12351K, committed 12544K, reserved 1048576K
}
Event: 20.222 GC heap after
{Heap after GC invocations=33 (full 0):
 garbage-first heap   total 212992K, used 90357K [0x0000000080000000, 0x0000000100000000)
  region size 1024K, 4 young (4096K), 4 survivors (4096K)
 Metaspace       used 91579K, capacity 93704K, committed 94244K, reserved 1130496K
  class space    used 11554K, capacity 12351K, committed 12544K, reserved 1048576K
}
Event: 20.298 GC heap before
{Heap before GC invocations=33 (full 0):
 garbage-first heap   total 212992K, used 96501K [0x0000000080000000, 0x0000000100000000)
  region size 1024K, 10 young (10240K), 4 survivors (4096K)
 Metaspace       used 92113K, capacity 94216K, committed 94884K, reserved 1132544K
  class space    used 11617K, capacity 12415K, committed 12672K, reserved 1048576K
}
Event: 20.303 GC heap after
{Heap after GC invocations=34 (full 0):
 garbage-first heap   total 212992K, used 86706K [0x0000000080000000, 0x0000000100000000)
  region size 1024K, 1 young (1024K), 1 survivors (1024K)
 Metaspace       used 92113K, capacity 94216K, committed 94884K, reserved 1132544K
  class space    used 11617K, capacity 12415K, committed 12672K, reserved 1048576K
}
Event: 23.688 GC heap before
{Heap before GC invocations=34 (full 0):
 garbage-first heap   total 212992K, used 146098K [0x0000000080000000, 0x0000000100000000)
  region size 1024K, 60 young (61440K), 1 survivors (1024K)
 Metaspace       used 94309K, capacity 96476K, committed 96932K, reserved 1134592K
  class space    used 11851K, capacity 12659K, committed 12928K, reserved 1048576K
}
Event: 23.694 GC heap after
{Heap after GC invocations=35 (full 0):
 garbage-first heap   total 212992K, used 90753K [0x0000000080000000, 0x0000000100000000)
  region size 1024K, 5 young (5120K), 5 survivors (5120K)
 Metaspace       used 94309K, capacity 96476K, committed 96932K, reserved 1134592K
  class space    used 11851K, capacity 12659K, committed 12928K, reserved 1048576K
}
Event: 25.701 GC heap before
{Heap before GC invocations=35 (full 0):
 garbage-first heap   total 212992K, used 153217K [0x0000000080000000, 0x0000000100000000)
  region size 1024K, 65 young (66560K), 5 survivors (5120K)
 Metaspace       used 101253K, capacity 103672K, committed 103844K, reserved 1140736K
  class space    used 12750K, capacity 13631K, committed 13696K, reserved 1048576K
}
Event: 25.713 GC heap after
{Heap after GC invocations=36 (full 0):
 garbage-first heap   total 212992K, used 99650K [0x0000000080000000, 0x0000000100000000)
  region size 1024K, 9 young (9216K), 9 survivors (9216K)
 Metaspace       used 101253K, capacity 103672K, committed 103844K, reserved 1140736K
  class space    used 12750K, capacity 13631K, committed 13696K, reserved 1048576K
}
Event: 27.821 GC heap before
{Heap before GC invocations=36 (full 0):
 garbage-first heap   total 212992K, used 158018K [0x0000000080000000, 0x0000000100000000)
  region size 1024K, 67 young (68608K), 9 survivors (9216K)
 Metaspace       used 110871K, capacity 113741K, committed 113828K, reserved 1148928K
  class space    used 14160K, capacity 15220K, committed 15232K, reserved 1048576K
}
Event: 27.834 GC heap after
{Heap after GC invocations=37 (full 0):
 garbage-first heap   total 212992K, used 104824K [0x0000000080000000, 0x0000000100000000)
  region size 1024K, 6 young (6144K), 6 survivors (6144K)
 Metaspace       used 110871K, capacity 113741K, committed 113828K, reserved 1148928K
  class space    used 14160K, capacity 15220K, committed 15232K, reserved 1048576K
}
Event: 28.749 GC heap before
{Heap before GC invocations=37 (full 0):
 garbage-first heap   total 212992K, used 142712K [0x0000000080000000, 0x0000000100000000)
  region size 1024K, 45 young (46080K), 6 survivors (6144K)
 Metaspace       used 115341K, capacity 118376K, committed 118564K, reserved 1153024K
  class space    used 14933K, capacity 16077K, committed 16128K, reserved 1048576K
}
Event: 28.758 GC heap after
{Heap after GC invocations=38 (full 0):
 garbage-first heap   total 212992K, used 106482K [0x0000000080000000, 0x0000000100000000)
  region size 1024K, 2 young (2048K), 2 survivors (2048K)
 Metaspace       used 115341K, capacity 118376K, committed 118564K, reserved 1153024K
  class space    used 14933K, capacity 16077K, committed 16128K, reserved 1048576K
}

