# JRE version: OpenJDK Runtime Environment (11.0.11+9) (build 11.0.11+9-b60-7590822)
# Java VM: OpenJDK 64-Bit Server VM (11.0.11+9-b60-7590822, mixed mode, tiered, compressed oops, g1 gc, windows-amd64)
Heap:
 garbage-first heap   total 147456K, used 111159K [0x0000000080000000, 0x0000000100000000)
  region size 1024K, 46 young (47104K), 8 survivors (8192K)
 Metaspace       used 65268K, capacity 67139K, committed 67228K, reserved 1107968K
  class space    used 8319K, capacity 9013K, committed 9036K, reserved 1048576K
GC Heap History (20 events):
Event: 4.554 GC heap before
{Heap before GC invocations=5 (full 0):
 garbage-first heap   total 122880K, used 81159K [0x0000000080000000, 0x0000000100000000)
  region size 1024K, 56 young (57344K), 3 survivors (3072K)
 Metaspace       used 30429K, capacity 31264K, committed 31484K, reserved 1077248K
  class space    used 4058K, capacity 4381K, committed 4428K, reserved 1048576K
}
Event: 4.560 GC heap after
{Heap after GC invocations=6 (full 0):
 garbage-first heap   total 122880K, used 32526K [0x0000000080000000, 0x0000000100000000)
  region size 1024K, 7 young (7168K), 7 survivors (7168K)
 Metaspace       used 30429K, capacity 31264K, committed 31484K, reserved 1077248K
  class space    used 4058K, capacity 4381K, committed 4428K, reserved 1048576K
}
Event: 4.972 GC heap before
{Heap before GC invocations=6 (full 0):
 garbage-first heap   total 122880K, used 55054K [0x0000000080000000, 0x0000000100000000)
  region size 1024K, 30 young (30720K), 7 survivors (7168K)
 Metaspace       used 34826K, capacity 35815K, committed 35964K, reserved 1081344K
  class space    used 4557K, capacity 4940K, committed 5068K, reserved 1048576K
}
Event: 4.985 GC heap after
{Heap after GC invocations=7 (full 0):
 garbage-first heap   total 122880K, used 34760K [0x0000000080000000, 0x0000000100000000)
  region size 1024K, 3 young (3072K), 3 survivors (3072K)
 Metaspace       used 34826K, capacity 35815K, committed 35964K, reserved 1081344K
  class space    used 4557K, capacity 4940K, committed 5068K, reserved 1048576K
}
Event: 5.573 GC heap before
{Heap before GC invocations=8 (full 0):
 garbage-first heap   total 122880K, used 78792K [0x0000000080000000, 0x0000000100000000)
  region size 1024K, 44 young (45056K), 3 survivors (3072K)
 Metaspace       used 39779K, capacity 40887K, committed 41244K, reserved 1085440K
  class space    used 5037K, capacity 5453K, committed 5580K, reserved 1048576K
}
Event: 5.582 GC heap after
{Heap after GC invocations=9 (full 0):
 garbage-first heap   total 147456K, used 38321K [0x0000000080000000, 0x0000000100000000)
  region size 1024K, 6 young (6144K), 6 survivors (6144K)
 Metaspace       used 39779K, capacity 40887K, committed 41244K, reserved 1085440K
  class space    used 5037K, capacity 5453K, committed 5580K, reserved 1048576K
}
Event: 6.464 GC heap before
{Heap before GC invocations=10 (full 0):
 garbage-first heap   total 147456K, used 91569K [0x0000000080000000, 0x0000000100000000)
  region size 1024K, 58 young (59392K), 6 survivors (6144K)
 Metaspace       used 45223K, capacity 46331K, committed 46492K, reserved 1089536K
  class space    used 5909K, capacity 6373K, committed 6476K, reserved 1048576K
}
Event: 6.472 GC heap after
{Heap after GC invocations=11 (full 0):
 garbage-first heap   total 147456K, used 40850K [0x0000000080000000, 0x0000000100000000)
  region size 1024K, 7 young (7168K), 7 survivors (7168K)
 Metaspace       used 45223K, capacity 46331K, committed 46492K, reserved 1089536K
  class space    used 5909K, capacity 6373K, committed 6476K, reserved 1048576K
}
Event: 6.752 GC heap before
{Heap before GC invocations=11 (full 0):
 garbage-first heap   total 147456K, used 96146K [0x0000000080000000, 0x0000000100000000)
  region size 1024K, 61 young (62464K), 7 survivors (7168K)
 Metaspace       used 45468K, capacity 46596K, committed 46748K, reserved 1089536K
  class space    used 5919K, capacity 6376K, committed 6476K, reserved 1048576K
}
Event: 6.760 GC heap after
{Heap after GC invocations=12 (full 0):
 garbage-first heap   total 147456K, used 42884K [0x0000000080000000, 0x0000000100000000)
  region size 1024K, 5 young (5120K), 5 survivors (5120K)
 Metaspace       used 45468K, capacity 46596K, committed 46748K, reserved 1089536K
  class space    used 5919K, capacity 6376K, committed 6476K, reserved 1048576K
}
Event: 7.618 GC heap before
{Heap before GC invocations=12 (full 0):
 garbage-first heap   total 147456K, used 104324K [0x0000000080000000, 0x0000000100000000)
  region size 1024K, 62 young (63488K), 5 survivors (5120K)
 Metaspace       used 48389K, capacity 49613K, committed 49820K, reserved 1093632K
  class space    used 6220K, capacity 6712K, committed 6732K, reserved 1048576K
}
Event: 7.625 GC heap after
{Heap after GC invocations=13 (full 0):
 garbage-first heap   total 147456K, used 49544K [0x0000000080000000, 0x0000000100000000)
  region size 1024K, 6 young (6144K), 6 survivors (6144K)
 Metaspace       used 48389K, capacity 49613K, committed 49820K, reserved 1093632K
  class space    used 6220K, capacity 6712K, committed 6732K, reserved 1048576K
}
Event: 8.215 GC heap before
{Heap before GC invocations=13 (full 0):
 garbage-first heap   total 147456K, used 106888K [0x0000000080000000, 0x0000000100000000)
  region size 1024K, 61 young (62464K), 6 survivors (6144K)
 Metaspace       used 50711K, capacity 52198K, committed 52380K, reserved 1095680K
  class space    used 6380K, capacity 6909K, committed 6988K, reserved 1048576K
}
Event: 8.221 GC heap after
{Heap after GC invocations=14 (full 0):
 garbage-first heap   total 147456K, used 50960K [0x0000000080000000, 0x0000000100000000)
  region size 1024K, 6 young (6144K), 6 survivors (6144K)
 Metaspace       used 50711K, capacity 52198K, committed 52380K, reserved 1095680K
  class space    used 6380K, capacity 6909K, committed 6988K, reserved 1048576K
}
Event: 9.061 GC heap before
{Heap before GC invocations=14 (full 0):
 garbage-first heap   total 147456K, used 112400K [0x0000000080000000, 0x0000000100000000)
  region size 1024K, 62 young (63488K), 6 survivors (6144K)
 Metaspace       used 53259K, capacity 54801K, committed 55068K, reserved 1097728K
  class space    used 6790K, capacity 7349K, committed 7372K, reserved 1048576K
}
Event: 9.068 GC heap after
{Heap after GC invocations=15 (full 0):
 garbage-first heap   total 147456K, used 59415K [0x0000000080000000, 0x0000000100000000)
  region size 1024K, 6 young (6144K), 6 survivors (6144K)
 Metaspace       used 53259K, capacity 54801K, committed 55068K, reserved 1097728K
  class space    used 6790K, capacity 7349K, committed 7372K, reserved 1048576K
}
Event: 10.006 GC heap before
{Heap before GC invocations=15 (full 0):
 garbage-first heap   total 147456K, used 112663K [0x0000000080000000, 0x0000000100000000)
  region size 1024K, 58 young (59392K), 6 survivors (6144K)
 Metaspace       used 56218K, capacity 57967K, committed 58140K, reserved 1099776K
  class space    used 7204K, capacity 7823K, committed 7884K, reserved 1048576K
}
Event: 10.014 GC heap after
{Heap after GC invocations=16 (full 0):
 garbage-first heap   total 147456K, used 61798K [0x0000000080000000, 0x0000000100000000)
  region size 1024K, 7 young (7168K), 7 survivors (7168K)
 Metaspace       used 56218K, capacity 57967K, committed 58140K, reserved 1099776K
  class space    used 7204K, capacity 7823K, committed 7884K, reserved 1048576K
}
Event: 11.079 GC heap before
{Heap before GC invocations=16 (full 0):
 garbage-first heap   total 147456K, used 119142K [0x0000000080000000, 0x0000000100000000)
  region size 1024K, 59 young (60416K), 7 survivors (7168K)
 Metaspace       used 59851K, capacity 61638K, committed 61724K, reserved 1103872K
  class space    used 7644K, capacity 8311K, committed 8396K, reserved 1048576K
}
Event: 11.088 GC heap after
{Heap after GC invocations=17 (full 0):
 garbage-first heap   total 147456K, used 73271K [0x0000000080000000, 0x0000000100000000)
  region size 1024K, 8 young (8192K), 8 survivors (8192K)
 Metaspace       used 59851K, capacity 61638K, committed 61724K, reserved 1103872K
  class space    used 7644K, capacity 8311K, committed 8396K, reserved 1048576K
}

